<?xml version="1.0" encoding="UTF-8"?>
<!-- Generated by org.testng.reporters.JUnitXMLReporter -->
<testsuite ignored="0" hostname="Mital" failures="0" tests="5" name="commen" time="53.703" errors="0" timestamp="2022-03-31T18:18:15 EDT">
  <testcase classname="testLayer.LoginTest" name="Title" time="0.054"/>
  <testcase classname="testLayer.LoginTest" name="Login" time="0.54"/>
  <testcase classname="testLayer.LoginTest" name="Login" time="0.584"/>
  <testcase classname="testLayer.LoginTest" name="Login" time="0.623"/>
  <testcase classname="testLayer.LoginTest" name="Login" time="0.407"/>
</testsuite> <!-- commen -->
