<?xml version="1.0" encoding="UTF-8"?>
<testng-results ignored="0" total="1" passed="1" failed="0" skipped="0">
  <reporter-output>
  </reporter-output>
  <suite started-at="2022-04-02T14:00:23 EDT" name="Default suite" finished-at="2022-04-02T14:00:39 EDT" duration-ms="15759">
    <groups>
    </groups>
    <test started-at="2022-04-02T14:00:23 EDT" name="Default test" finished-at="2022-04-02T14:00:39 EDT" duration-ms="15759">
      <class name="testLayer.HomePageTest">
        <test-method is-config="true" signature="initsetup()[pri:0, instance:testLayer.HomePageTest@4ac3c60d]" started-at="2022-04-02T14:00:23 EDT" name="initsetup" finished-at="2022-04-02T14:00:37 EDT" duration-ms="13595" status="PASS">
          <reporter-output>
          </reporter-output>
        </test-method> <!-- initsetup -->
        <test-method signature="admintab()[pri:0, instance:testLayer.HomePageTest@4ac3c60d]" started-at="2022-04-02T14:00:37 EDT" name="admintab" finished-at="2022-04-02T14:00:39 EDT" duration-ms="2011" status="PASS">
          <reporter-output>
          </reporter-output>
        </test-method> <!-- admintab -->
      </class> <!-- testLayer.HomePageTest -->
    </test> <!-- Default test -->
  </suite> <!-- Default suite -->
</testng-results>
